/api/v1/books/9e753f93-3027-48fe-a937-48753968cf89  DELETE -- Sat Jun 25 2022 22:06:05 GMT+0530 (India Standard Time)
/api/v1/books  POST -- Sun Jun 26 2022 08:02:59 GMT+0530 (India Standard Time)
/api/v1/books  POST -- Sun Jun 26 2022 08:03:09 GMT+0530 (India Standard Time)
/api/v1/books  POST -- Sun Jun 26 2022 08:28:42 GMT+0530 (India Standard Time)
/api/v1/books  POST -- Sun Jun 26 2022 08:31:57 GMT+0530 (India Standard Time)
/api/v1/books  POST -- Sun Jun 26 2022 08:32:34 GMT+0530 (India Standard Time)
/api/v1/books  POST -- Sun Jun 26 2022 08:32:38 GMT+0530 (India Standard Time)
/api/v1/books  POST -- Sun Jun 26 2022 08:33:33 GMT+0530 (India Standard Time)
/api/v1/books  POST -- Sun Jun 26 2022 08:34:34 GMT+0530 (India Standard Time)
/api/v1/books  POST -- Sun Jun 26 2022 08:35:26 GMT+0530 (India Standard Time)
/api/v1/books  POST -- Sun Jun 26 2022 08:35:27 GMT+0530 (India Standard Time)
/api/v1/books  POST -- Sun Jun 26 2022 08:35:44 GMT+0530 (India Standard Time)
/api/v1/books  POST -- Sun Jun 26 2022 08:44:11 GMT+0530 (India Standard Time)
/api/v1/books  POST -- Sun Jun 26 2022 08:44:49 GMT+0530 (India Standard Time)
/api/v1/books  POST -- Sun Jun 26 2022 08:45:15 GMT+0530 (India Standard Time)
/api/v1/books  POST -- Sun Jun 26 2022 08:45:23 GMT+0530 (India Standard Time)
/api/v1/books  POST -- Sun Jun 26 2022 08:48:10 GMT+0530 (India Standard Time)
/api/v1/books  POST -- Sun Jun 26 2022 08:48:26 GMT+0530 (India Standard Time)
/api/v1/books  POST -- Sun Jun 26 2022 08:49:43 GMT+0530 (India Standard Time)
/api/v1/books  POST -- Sun Jun 26 2022 09:28:52 GMT+0530 (India Standard Time)
/api/v1/books  POST -- Sun Jun 26 2022 09:29:04 GMT+0530 (India Standard Time)
/api/v1/books  POST -- Sun Jun 26 2022 09:29:12 GMT+0530 (India Standard Time)
/api/v1/books  POST -- Sun Jun 26 2022 09:35:41 GMT+0530 (India Standard Time)
/api/v1/books  POST -- Sun Jun 26 2022 09:37:12 GMT+0530 (India Standard Time)
/api/v1/books  POST -- Sun Jun 26 2022 09:40:03 GMT+0530 (India Standard Time)
/api/v1/books  POST -- Sun Jun 26 2022 09:40:04 GMT+0530 (India Standard Time)
/api/v1/books  POST -- Sun Jun 26 2022 09:40:04 GMT+0530 (India Standard Time)
/api/v1/books  POST -- Sun Jun 26 2022 09:53:11 GMT+0530 (India Standard Time)
/api/v1/books  PATCH -- Sun Jun 26 2022 09:53:16 GMT+0530 (India Standard Time)
/api/v1/books/123456  PATCH -- Sun Jun 26 2022 09:53:28 GMT+0530 (India Standard Time)
/api/v1/books/123456  POST -- Sun Jun 26 2022 09:53:57 GMT+0530 (India Standard Time)
/api/v1/books/  POST -- Sun Jun 26 2022 09:54:02 GMT+0530 (India Standard Time)
/api/v1/books/  POST -- Sun Jun 26 2022 09:54:09 GMT+0530 (India Standard Time)
/api/v1/books/  POST -- Sun Jun 26 2022 09:54:34 GMT+0530 (India Standard Time)
/api/v1/books/  POST -- Sun Jun 26 2022 09:54:46 GMT+0530 (India Standard Time)
/api/v1/books/1fa7aff4-57fe-4eb3-9c87-a3249af54c07  PATCH -- Sun Jun 26 2022 09:55:29 GMT+0530 (India Standard Time)
/api/v1/books/1fa7aff4-57fe-4eb3-9c87-a3249af54c07  PATCH -- Sun Jun 26 2022 09:56:28 GMT+0530 (India Standard Time)
/api/v1/books/1fa7aff4-57fe-4eb3-9c87-a3249af54c07  PATCH -- Sun Jun 26 2022 09:56:29 GMT+0530 (India Standard Time)
/api/v1/books/1fa7aff4-57fe-4eb3-9c87-a3249af54c07  PATCH -- Sun Jun 26 2022 09:56:29 GMT+0530 (India Standard Time)
/api/v1/books/1fa7aff4-57fe-4eb3-9c87-a3249af54c07  PATCH -- Sun Jun 26 2022 09:56:30 GMT+0530 (India Standard Time)
/api/v1/books/1fa7aff4-57fe-4eb3-9c87-a3249af54c07  PATCH -- Sun Jun 26 2022 09:56:30 GMT+0530 (India Standard Time)
/api/v1/books/1fa7aff4-57fe-4eb3-9c87-a3249af54c07  PATCH -- Sun Jun 26 2022 09:57:17 GMT+0530 (India Standard Time)
/api/v1/books/1fa7aff4-57fe-4eb3-9c87-a3249af54c07  PATCH -- Sun Jun 26 2022 09:58:20 GMT+0530 (India Standard Time)
/api/v1/books/1fa7aff4-57fe-4eb3-9c87-a3249af54c07  PATCH -- Sun Jun 26 2022 09:58:31 GMT+0530 (India Standard Time)
/api/v1/books/inventory/9e753f93-3027-48fe-a937-48753968cf89  PATCH -- Sun Jun 26 2022 11:16:55 GMT+0530 (India Standard Time)
/api/v1/books/inventory/9e753f93-3027-48fe-a937-48753968cf89  PATCH -- Sun Jun 26 2022 11:17:28 GMT+0530 (India Standard Time)
/api/v1/books/inventory/b34a8587-7405-462f-bef5-cb1fab87378c  PATCH -- Sun Jun 26 2022 11:17:57 GMT+0530 (India Standard Time)
/api/v1/books/inventory/b34a8587-7405-462f-bef5-cb1fab87378c  PATCH -- Sun Jun 26 2022 11:19:25 GMT+0530 (India Standard Time)
/api/v1/books/inventory/b34a8587-7405-462f-bef5-cb1fab87378c  PATCH -- Sun Jun 26 2022 11:20:06 GMT+0530 (India Standard Time)
/api/v1/books/inventory/b34a8587-7405-462f-bef5-cb1fab87378c  PATCH -- Sun Jun 26 2022 11:20:14 GMT+0530 (India Standard Time)
/api/v1/books/inventory/b34a8587-7405-462f-bef5-cb1fab87378c  DELETE -- Sun Jun 26 2022 11:20:29 GMT+0530 (India Standard Time)
/api/v1/books/inventory/b34a8587-7405-462f-bef5-cb1fab87378c  DELETE -- Sun Jun 26 2022 11:21:16 GMT+0530 (India Standard Time)
/api/v1/books/inventory/b34a8587-7405-462f-bef5-cb1fab87378c  DELETE -- Sun Jun 26 2022 11:21:42 GMT+0530 (India Standard Time)
/api/v1/books/inventory/b34a8587-7405-462f-bef5-cb1fab87378c  DELETE -- Sun Jun 26 2022 11:22:26 GMT+0530 (India Standard Time)
/api/v1/books/inventory/b34a8587-7405-462f-bef5-cb1fab87378c  PATCH -- Sun Jun 26 2022 11:22:43 GMT+0530 (India Standard Time)
/api/v1/books/inventory/b34a8587-7405-462f-bef5-cb1fab87378c  PATCH -- Sun Jun 26 2022 11:22:49 GMT+0530 (India Standard Time)
/api/v1/books/inventory/b34a8587-7405-462f-bef5-cb1fab87378c  DELETE -- Sun Jun 26 2022 11:22:54 GMT+0530 (India Standard Time)
/api/v1/books/inventory/b34a8587-7405-462f-bef5-cb1fab87378c  DELETE -- Sun Jun 26 2022 11:25:22 GMT+0530 (India Standard Time)
/api/v1/books/inventory/b34a8587-7405-462f-bef5-cb1fab87378c  PATCH -- Sun Jun 26 2022 11:25:29 GMT+0530 (India Standard Time)
/api/v1/books/inventory/b34a8587-7405-462f-bef5-cb1fab87378c  PATCH -- Sun Jun 26 2022 11:25:35 GMT+0530 (India Standard Time)
/api/v1/books  GET -- Sun Jun 26 2022 11:53:10 GMT+0530 (India Standard Time)
/api/v1/books/search?publisher=publisher  GET -- Sun Jun 26 2022 11:53:12 GMT+0530 (India Standard Time)
/api/v1/books/search?publisher=publisher  GET -- Sun Jun 26 2022 11:53:32 GMT+0530 (India Standard Time)
/api/v1/books/id/1/name/abc  GET -- Sun Jun 26 2022 11:53:42 GMT+0530 (India Standard Time)
/api/v1/books/  GET -- Sun Jun 26 2022 11:53:46 GMT+0530 (India Standard Time)
/api/v1/books/id/1/name/abc  GET -- Sun Jun 26 2022 11:54:39 GMT+0530 (India Standard Time)
/api/v1/books/  GET -- Sun Jun 26 2022 11:54:42 GMT+0530 (India Standard Time)
/api/v1/books/  GET -- Sun Jun 26 2022 11:54:52 GMT+0530 (India Standard Time)
/api/v1/books/  GET -- Sun Jun 26 2022 11:57:28 GMT+0530 (India Standard Time)
/api/v1/books/  GET -- Sun Jun 26 2022 11:58:07 GMT+0530 (India Standard Time)
/api/v1/books/  GET -- Sun Jun 26 2022 11:58:16 GMT+0530 (India Standard Time)
/api/v1/books/  GET -- Sun Jun 26 2022 11:58:18 GMT+0530 (India Standard Time)
/api/v1/books/  GET -- Sun Jun 26 2022 11:58:28 GMT+0530 (India Standard Time)
/api/v1/books/  GET -- Sun Jun 26 2022 15:03:44 GMT+0530 (India Standard Time)
/api/v1/books/login  POST -- Sun Jun 26 2022 15:04:27 GMT+0530 (India Standard Time)
/api/v1/login  POST -- Sun Jun 26 2022 15:04:39 GMT+0530 (India Standard Time)
/api/v1/login  POST -- Sun Jun 26 2022 15:04:51 GMT+0530 (India Standard Time)
/api/v1/login  POST -- Sun Jun 26 2022 15:44:09 GMT+0530 (India Standard Time)
/api/v1/login  POST -- Sun Jun 26 2022 15:46:03 GMT+0530 (India Standard Time)
/api/v1/login  POST -- Sun Jun 26 2022 15:46:31 GMT+0530 (India Standard Time)
/api/v1/login  POST -- Sun Jun 26 2022 15:59:56 GMT+0530 (India Standard Time)
/api/v1/login  POST -- Sun Jun 26 2022 16:01:09 GMT+0530 (India Standard Time)
/api/v1/login  POST -- Sun Jun 26 2022 16:03:12 GMT+0530 (India Standard Time)
/api/v1/login  POST -- Sun Jun 26 2022 16:03:38 GMT+0530 (India Standard Time)
/api/v1/login  POST -- Sun Jun 26 2022 16:04:38 GMT+0530 (India Standard Time)
/api/v1/login  POST -- Sun Jun 26 2022 16:07:16 GMT+0530 (India Standard Time)
/api/v1/login  POST -- Sun Jun 26 2022 16:07:36 GMT+0530 (India Standard Time)
/api/v1/login  POST -- Sun Jun 26 2022 16:18:25 GMT+0530 (India Standard Time)
/api/v1/login  POST -- Sun Jun 26 2022 16:32:30 GMT+0530 (India Standard Time)
/api/v1/login  POST -- Sun Jun 26 2022 16:32:59 GMT+0530 (India Standard Time)
/api/v1/login  POST -- Sun Jun 26 2022 16:35:34 GMT+0530 (India Standard Time)
/api/v1/login  POST -- Sun Jun 26 2022 16:38:37 GMT+0530 (India Standard Time)
/api/v1/login  POST -- Sun Jun 26 2022 16:46:54 GMT+0530 (India Standard Time)
/api/v1/login  POST -- Sun Jun 26 2022 16:47:28 GMT+0530 (India Standard Time)
/api/v1/login  POST -- Sun Jun 26 2022 16:49:59 GMT+0530 (India Standard Time)
/api/v1/login  POST -- Sun Jun 26 2022 16:50:04 GMT+0530 (India Standard Time)
/api/v1/login  POST -- Sun Jun 26 2022 16:51:08 GMT+0530 (India Standard Time)
/api/v1/login  POST -- Sun Jun 26 2022 16:52:14 GMT+0530 (India Standard Time)
/api/v1/login  POST -- Sun Jun 26 2022 16:52:36 GMT+0530 (India Standard Time)
/api/v1/login  POST -- Sun Jun 26 2022 16:56:58 GMT+0530 (India Standard Time)
/api/v1/login  POST -- Sun Jun 26 2022 16:56:59 GMT+0530 (India Standard Time)
/api/v1/login  POST -- Sun Jun 26 2022 16:57:24 GMT+0530 (India Standard Time)
/api/v1/login  POST -- Sun Jun 26 2022 16:57:44 GMT+0530 (India Standard Time)
/api/v1/login  POST -- Sun Jun 26 2022 16:57:45 GMT+0530 (India Standard Time)
/api/v1/login  POST -- Sun Jun 26 2022 16:57:46 GMT+0530 (India Standard Time)
/api/v1/login  POST -- Sun Jun 26 2022 16:57:46 GMT+0530 (India Standard Time)
/api/v1/login  POST -- Sun Jun 26 2022 16:58:25 GMT+0530 (India Standard Time)
/api/v1/login  POST -- Sun Jun 26 2022 16:59:40 GMT+0530 (India Standard Time)
/api/v1/login  POST -- Sun Jun 26 2022 17:00:04 GMT+0530 (India Standard Time)
/api/v1/login  POST -- Sun Jun 26 2022 17:01:26 GMT+0530 (India Standard Time)
/api/v1/login  POST -- Sun Jun 26 2022 17:02:32 GMT+0530 (India Standard Time)
/api/v1/login  POST -- Sun Jun 26 2022 17:02:59 GMT+0530 (India Standard Time)
/api/v1/login  POST -- Sun Jun 26 2022 17:03:49 GMT+0530 (India Standard Time)
/api/v1/login  POST -- Sun Jun 26 2022 17:04:04 GMT+0530 (India Standard Time)
/api/v1/login  POST -- Sun Jun 26 2022 17:04:20 GMT+0530 (India Standard Time)
/api/v1/login  POST -- Sun Jun 26 2022 17:04:21 GMT+0530 (India Standard Time)
/api/v1/login  POST -- Sun Jun 26 2022 17:04:42 GMT+0530 (India Standard Time)
/api/v1/login  POST -- Sun Jun 26 2022 17:04:43 GMT+0530 (India Standard Time)
/api/v1/login  POST -- Sun Jun 26 2022 17:04:44 GMT+0530 (India Standard Time)
/api/v1/login  POST -- Sun Jun 26 2022 17:04:44 GMT+0530 (India Standard Time)
/api/v1/login  POST -- Sun Jun 26 2022 17:05:53 GMT+0530 (India Standard Time)
/api/v1/login  POST -- Sun Jun 26 2022 17:08:38 GMT+0530 (India Standard Time)
/api/v1/login  POST -- Sun Jun 26 2022 17:09:29 GMT+0530 (India Standard Time)
/api/v1/login  POST -- Sun Jun 26 2022 17:09:36 GMT+0530 (India Standard Time)
/api/v1/login  POST -- Sun Jun 26 2022 17:10:07 GMT+0530 (India Standard Time)
/api/v1/login  POST -- Sun Jun 26 2022 17:11:14 GMT+0530 (India Standard Time)
/api/v1/login  POST -- Sun Jun 26 2022 17:11:43 GMT+0530 (India Standard Time)
/api/v1/login  POST -- Sun Jun 26 2022 17:11:44 GMT+0530 (India Standard Time)
/api/v1/login  POST -- Sun Jun 26 2022 17:12:07 GMT+0530 (India Standard Time)
/api/v1/login  POST -- Sun Jun 26 2022 17:12:28 GMT+0530 (India Standard Time)
/api/v1/login  POST -- Sun Jun 26 2022 17:12:40 GMT+0530 (India Standard Time)
/api/v1/login  POST -- Sun Jun 26 2022 17:13:05 GMT+0530 (India Standard Time)
/api/v1/login  POST -- Sun Jun 26 2022 17:13:16 GMT+0530 (India Standard Time)
/api/v1/login  POST -- Sun Jun 26 2022 17:13:17 GMT+0530 (India Standard Time)
/api/v1/login  POST -- Sun Jun 26 2022 17:13:18 GMT+0530 (India Standard Time)
/api/v1/login  POST -- Sun Jun 26 2022 17:13:20 GMT+0530 (India Standard Time)
/api/v1/login  POST -- Sun Jun 26 2022 17:13:53 GMT+0530 (India Standard Time)
/api/v1/login  POST -- Sun Jun 26 2022 17:14:23 GMT+0530 (India Standard Time)
/api/v1/login  POST -- Sun Jun 26 2022 17:15:00 GMT+0530 (India Standard Time)
/api/v1/login  POST -- Sun Jun 26 2022 17:16:58 GMT+0530 (India Standard Time)
/api/v1/login  POST -- Sun Jun 26 2022 17:17:00 GMT+0530 (India Standard Time)
/api/v1/login  POST -- Sun Jun 26 2022 17:17:04 GMT+0530 (India Standard Time)
/api/v1/login  POST -- Sun Jun 26 2022 17:17:09 GMT+0530 (India Standard Time)
/api/v1/login  POST -- Sun Jun 26 2022 17:17:13 GMT+0530 (India Standard Time)
/api/v1/login  POST -- Sun Jun 26 2022 17:17:17 GMT+0530 (India Standard Time)
/api/v1/login  POST -- Sun Jun 26 2022 17:17:21 GMT+0530 (India Standard Time)
/api/v1/login  POST -- Sun Jun 26 2022 17:17:47 GMT+0530 (India Standard Time)
/api/v1/login  POST -- Sun Jun 26 2022 17:17:54 GMT+0530 (India Standard Time)
/api/v1/login  POST -- Sun Jun 26 2022 17:19:18 GMT+0530 (India Standard Time)
/api/v1/login  POST -- Sun Jun 26 2022 17:20:38 GMT+0530 (India Standard Time)
/api/v1/login  POST -- Sun Jun 26 2022 17:20:43 GMT+0530 (India Standard Time)
/api/v1/login  POST -- Sun Jun 26 2022 17:20:46 GMT+0530 (India Standard Time)
/api/v1/login  POST -- Sun Jun 26 2022 17:20:52 GMT+0530 (India Standard Time)
/api/v1/login  POST -- Sun Jun 26 2022 17:20:57 GMT+0530 (India Standard Time)
/api/v1/login  POST -- Sun Jun 26 2022 17:21:01 GMT+0530 (India Standard Time)
/api/v1/login  POST -- Sun Jun 26 2022 17:23:51 GMT+0530 (India Standard Time)
/api/v1/login  POST -- Sun Jun 26 2022 17:23:52 GMT+0530 (India Standard Time)
/api/v1/login  POST -- Sun Jun 26 2022 17:23:55 GMT+0530 (India Standard Time)
/api/v1/login  POST -- Sun Jun 26 2022 17:23:59 GMT+0530 (India Standard Time)
/api/v1/login  POST -- Sun Jun 26 2022 17:24:03 GMT+0530 (India Standard Time)
/api/v1/login  POST -- Sun Jun 26 2022 17:24:25 GMT+0530 (India Standard Time)
/api/v1/login  POST -- Sun Jun 26 2022 17:37:54 GMT+0530 (India Standard Time)
/api/v1/login  POST -- Sun Jun 26 2022 17:38:00 GMT+0530 (India Standard Time)
/api/v1/login  POST -- Sun Jun 26 2022 17:38:31 GMT+0530 (India Standard Time)
/api/v1/login  POST -- Sun Jun 26 2022 17:39:53 GMT+0530 (India Standard Time)
/api/v1/login  POST -- Sun Jun 26 2022 17:47:03 GMT+0530 (India Standard Time)
/api/v1/login  POST -- Sun Jun 26 2022 17:47:28 GMT+0530 (India Standard Time)
/api/v1/login  POST -- Sun Jun 26 2022 17:49:36 GMT+0530 (India Standard Time)
/api/v1/login  POST -- Sun Jun 26 2022 17:49:56 GMT+0530 (India Standard Time)
/api/v1/login  POST -- Sun Jun 26 2022 17:50:45 GMT+0530 (India Standard Time)
/api/v1/login  POST -- Sun Jun 26 2022 17:51:28 GMT+0530 (India Standard Time)
/api/v1/login  POST -- Sun Jun 26 2022 17:51:45 GMT+0530 (India Standard Time)
/api/v1/login  POST -- Sun Jun 26 2022 17:53:22 GMT+0530 (India Standard Time)
/api/v1/login  POST -- Sun Jun 26 2022 18:00:01 GMT+0530 (India Standard Time)
/api/v1/login  POST -- Sun Jun 26 2022 18:01:35 GMT+0530 (India Standard Time)
/api/v1/login  POST -- Sun Jun 26 2022 18:02:19 GMT+0530 (India Standard Time)
/api/v1/login  POST -- Sun Jun 26 2022 18:08:33 GMT+0530 (India Standard Time)
/api/v1/login  POST -- Sun Jun 26 2022 18:12:02 GMT+0530 (India Standard Time)
/api/v1/luser/ogin  POST -- Sun Jun 26 2022 18:12:08 GMT+0530 (India Standard Time)
/api/v1/luser/ogin  POST -- Sun Jun 26 2022 18:12:32 GMT+0530 (India Standard Time)
/api/v1/luser/ogin  POST -- Sun Jun 26 2022 18:12:51 GMT+0530 (India Standard Time)
/api/v1/luser/login  POST -- Sun Jun 26 2022 18:12:59 GMT+0530 (India Standard Time)
/api/v1/luser/login  POST -- Sun Jun 26 2022 18:13:00 GMT+0530 (India Standard Time)
/api/v1/user/login  POST -- Sun Jun 26 2022 18:13:30 GMT+0530 (India Standard Time)
/api/v1/user/login  POST -- Sun Jun 26 2022 18:14:11 GMT+0530 (India Standard Time)
/api/v1/user/login  POST -- Sun Jun 26 2022 18:14:52 GMT+0530 (India Standard Time)
/api/v1/user/login  POST -- Sun Jun 26 2022 18:14:53 GMT+0530 (India Standard Time)
/api/v1/user/login  POST -- Sun Jun 26 2022 18:15:05 GMT+0530 (India Standard Time)
/api/v1/user/login  POST -- Sun Jun 26 2022 18:15:23 GMT+0530 (India Standard Time)
/api/v1/user/login  POST -- Sun Jun 26 2022 18:16:20 GMT+0530 (India Standard Time)
/api/v1/user/login  POST -- Sun Jun 26 2022 18:16:44 GMT+0530 (India Standard Time)
/api/v1/user/login  POST -- Sun Jun 26 2022 18:16:54 GMT+0530 (India Standard Time)
/api/v1/user/login  POST -- Sun Jun 26 2022 18:17:01 GMT+0530 (India Standard Time)
/api/v1/user/login  POST -- Sun Jun 26 2022 18:18:39 GMT+0530 (India Standard Time)
/api/v1/user/login  POST -- Sun Jun 26 2022 18:18:53 GMT+0530 (India Standard Time)
/api/v1/user/login  POST -- Sun Jun 26 2022 18:24:22 GMT+0530 (India Standard Time)
/api/v1/user/login  POST -- Sun Jun 26 2022 18:24:44 GMT+0530 (India Standard Time)
